<?xml version="1.0" encoding="UTF-8"?>
<!-- Generated by org.testng.reporters.JUnitReportReporter -->
<testsuite hostname="DESKTOP-4M14A0P" failures="0" tests="1" name="driverFactory.DriverScript" time="25.473" errors="0" timestamp="23 Jun 2023 05:48:20 GMT">
  <testcase classname="driverFactory.DriverScript" name="startTest" time="25.473"/>
</testsuite> <!-- driverFactory.DriverScript -->
