<?xml version="1.0" encoding="UTF-8"?>
<!-- Generated by org.testng.reporters.JUnitReportReporter -->
<testsuite hostname="DESKTOP-4M14A0P" failures="0" tests="1" name="driverFactory.TestScript" time="41.883" errors="0" timestamp="24 Jun 2023 05:30:42 GMT">
  <testcase classname="driverFactory.TestScript" name="startTest" time="41.883"/>
</testsuite> <!-- driverFactory.TestScript -->
